2023-06-07 10:18:25,476 [Worker-5: Loading available Gradle versions] INFO  o.e.b.c.i.u.g.PublishedGradleVersions - Gradle version information cache is out-of-date. Trying to update.
2023-06-08 10:17:54,349 [Start Help Server] INFO  org.eclipse.jetty.server.Server - jetty-10.0.13; built: 2022-12-07T20:13:20.134Z; git: 1c2636ea05c0ca8de1ffd6ca7f3a98ac084c766d; jvm 17.0.6+10
2023-06-08 10:17:54,567 [Start Help Server] INFO  o.e.j.s.s.DefaultSessionIdManager - Session workerName=node0
2023-06-08 10:17:54,760 [Start Help Server] INFO  o.e.j.server.handler.ContextHandler - Started o.e.j.s.ServletContextHandler@459e4d0b{/help,null,AVAILABLE}
2023-06-08 10:17:54,933 [Start Help Server] INFO  o.e.jetty.server.AbstractConnector - Started ServerConnector@5e6714e3{HTTP/1.1, (http/1.1)}{127.0.0.1:64262}
2023-06-08 10:17:55,084 [Start Help Server] INFO  org.eclipse.jetty.server.Server - Started Server@25b0e4b9{STARTING}[10.0.13,sto=0] @86470699ms
2023-06-08 22:37:51,016 [Stop Help Server] INFO  org.eclipse.jetty.server.Server - Stopped Server@25b0e4b9{STOPPING}[10.0.13,sto=0]
2023-06-08 22:37:52,178 [Stop Help Server] INFO  o.e.jetty.server.AbstractConnector - Stopped ServerConnector@5e6714e3{HTTP/1.1, (http/1.1)}{127.0.0.1:0}
2023-06-08 22:37:54,012 [Stop Help Server] INFO  o.e.j.server.handler.ContextHandler - Stopped o.e.j.s.ServletContextHandler@459e4d0b{/help,null,STOPPED}
2023-06-09 09:22:49,925 [Worker-7: Loading available Gradle versions] INFO  o.e.b.c.i.u.g.PublishedGradleVersions - Gradle version information cache is up-to-date. Trying to read.
2023-06-09 10:49:18,604 [Worker-6: Loading available Gradle versions] INFO  o.e.b.c.i.u.g.PublishedGradleVersions - Gradle version information cache is up-to-date. Trying to read.
2023-06-13 09:19:00,556 [Worker-1: Loading available Gradle versions] INFO  o.e.b.c.i.u.g.PublishedGradleVersions - Gradle version information cache is out-of-date. Trying to update.
2023-06-13 16:33:19,733 [Worker-114: Creating project "jdbc-project"] INFO  o.e.m.c.i.l.LifecycleMappingFactory - Using org.eclipse.m2e.jdt.JarLifecycleMapping lifecycle mapping for MavenProject: com.srkr:jdbc-project:0.0.1-SNAPSHOT @ E:\SRKR_\jdbc-project\pom.xml.
2023-06-13 16:33:24,454 [Worker-114: Creating project "jdbc-project"] INFO  o.e.m.j.i.AbstractJavaProjectConfigurator - Adding source folder /jdbc-project/src/main/java
2023-06-13 16:33:24,455 [Worker-114: Creating project "jdbc-project"] INFO  o.e.m.j.i.AbstractJavaProjectConfigurator - Adding resource folder /jdbc-project/src/main/resources
2023-06-13 16:33:24,456 [Worker-114: Creating project "jdbc-project"] INFO  o.e.m.j.i.AbstractJavaProjectConfigurator - Adding source folder /jdbc-project/src/test/java
2023-06-13 16:33:24,456 [Worker-114: Creating project "jdbc-project"] INFO  o.e.m.j.i.AbstractJavaProjectConfigurator - Adding resource folder /jdbc-project/src/test/resources
2023-06-13 16:33:27,179 [Worker-114: Building] WARN  o.e.m.c.i.embedder.EclipseLogger - Using platform encoding (Cp1256 actually) to copy filtered resources, i.e. build is platform dependent!
2023-06-13 16:33:27,351 [Worker-114: Building] INFO  o.e.m.c.i.embedder.EclipseLogger - Copying 0 resource
2023-06-13 16:33:27,356 [Worker-114: Building] WARN  o.e.m.c.i.embedder.EclipseLogger - Using platform encoding (Cp1256 actually) to copy filtered resources, i.e. build is platform dependent!
2023-06-13 16:33:27,368 [Worker-114: Building] INFO  o.e.m.c.i.embedder.EclipseLogger - Copying 0 resource
2023-06-13 16:42:34,058 [Worker-120: Building] INFO  o.e.m.c.i.l.LifecycleMappingFactory - Using org.eclipse.m2e.jdt.JarLifecycleMapping lifecycle mapping for MavenProject: com.srkr:jdbc-project:0.0.1-SNAPSHOT @ E:\SRKR_\jdbc-project\pom.xml.
2023-06-13 16:42:35,111 [AetherRepositoryConnector-repo.maven.apache.org-0-0] INFO  o.e.m.c.i.e.AbstractTransferListenerAdapter - Downloading https://repo.maven.apache.org/maven2/com/mysql/mysql-connector-j/8.0.33/mysql-connector-j-8.0.33.jar
2023-06-13 16:42:35,111 [AetherRepositoryConnector-repo.maven.apache.org-0-1] INFO  o.e.m.c.i.e.AbstractTransferListenerAdapter - Downloading https://repo.maven.apache.org/maven2/com/google/protobuf/protobuf-java/3.21.9/protobuf-java-3.21.9.jar
2023-06-13 16:42:53,146 [AetherRepositoryConnector-repo.maven.apache.org-0-1] INFO  o.e.m.c.i.e.AbstractTransferListenerAdapter - Downloaded https://repo.maven.apache.org/maven2/com/google/protobuf/protobuf-java/3.21.9/protobuf-java-3.21.9.jar
2023-06-13 16:42:53,864 [AetherRepositoryConnector-repo.maven.apache.org-0-0] INFO  o.e.m.c.i.e.AbstractTransferListenerAdapter - Downloaded https://repo.maven.apache.org/maven2/com/mysql/mysql-connector-j/8.0.33/mysql-connector-j-8.0.33.jar
2023-06-13 16:42:54,155 [Worker-120: Building] WARN  o.e.m.c.i.embedder.EclipseLogger - Using platform encoding (Cp1256 actually) to copy filtered resources, i.e. build is platform dependent!
2023-06-13 16:42:54,170 [Worker-120: Building] INFO  o.e.m.c.i.embedder.EclipseLogger - Copying 0 resource
2023-06-13 16:42:54,175 [Worker-120: Building] WARN  o.e.m.c.i.embedder.EclipseLogger - Using platform encoding (Cp1256 actually) to copy filtered resources, i.e. build is platform dependent!
2023-06-13 16:42:54,210 [Worker-120: Building] INFO  o.e.m.c.i.embedder.EclipseLogger - Copying 0 resource
2023-06-13 16:42:55,303 [Worker-121: Download sources and javadoc] INFO  o.e.m.c.i.e.AbstractTransferListenerAdapter - Downloading https://repo.maven.apache.org/maven2/com/mysql/mysql-connector-j/8.0.33/mysql-connector-j-8.0.33-sources.jar
2023-06-13 16:42:58,458 [Worker-121: Download sources and javadoc] INFO  o.e.m.c.i.e.AbstractTransferListenerAdapter - Downloaded https://repo.maven.apache.org/maven2/com/mysql/mysql-connector-j/8.0.33/mysql-connector-j-8.0.33-sources.jar
2023-06-13 16:42:58,471 [Worker-121: Download sources and javadoc] INFO  o.e.m.j.internal.DownloadSourcesJob - Downloaded sources for com.mysql:mysql-connector-j:8.0.33
2023-06-13 16:42:58,750 [Worker-121: Download sources and javadoc] INFO  o.e.m.c.i.e.AbstractTransferListenerAdapter - Downloading https://repo.maven.apache.org/maven2/com/google/protobuf/protobuf-java/3.21.9/protobuf-java-3.21.9-sources.jar
2023-06-13 16:43:00,112 [Worker-121: Download sources and javadoc] INFO  o.e.m.c.i.e.AbstractTransferListenerAdapter - Downloaded https://repo.maven.apache.org/maven2/com/google/protobuf/protobuf-java/3.21.9/protobuf-java-3.21.9-sources.jar
2023-06-13 16:43:00,121 [Worker-121: Download sources and javadoc] INFO  o.e.m.j.internal.DownloadSourcesJob - Downloaded sources for com.google.protobuf:protobuf-java:3.21.9
2023-06-13 16:43:32,888 [Worker-120: Building] INFO  o.e.m.c.i.l.LifecycleMappingFactory - Using org.eclipse.m2e.jdt.JarLifecycleMapping lifecycle mapping for MavenProject: com.srkr:jdbc-project:0.0.1-SNAPSHOT @ E:\SRKR_\jdbc-project\pom.xml.
2023-06-13 16:43:33,597 [Worker-120: Building] WARN  o.e.m.c.i.embedder.EclipseLogger - Using platform encoding (Cp1256 actually) to copy filtered resources, i.e. build is platform dependent!
2023-06-13 16:43:33,680 [Worker-120: Building] INFO  o.e.m.c.i.embedder.EclipseLogger - Copying 0 resource
2023-06-13 16:43:33,683 [Worker-120: Building] WARN  o.e.m.c.i.embedder.EclipseLogger - Using platform encoding (Cp1256 actually) to copy filtered resources, i.e. build is platform dependent!
2023-06-13 16:43:33,722 [Worker-120: Building] INFO  o.e.m.c.i.embedder.EclipseLogger - Copying 0 resource
2023-06-13 16:45:59,746 [Worker-121: Building] WARN  o.e.m.c.i.embedder.EclipseLogger - Using platform encoding (Cp1256 actually) to copy filtered resources, i.e. build is platform dependent!
2023-06-13 16:45:59,757 [Worker-121: Building] INFO  o.e.m.c.i.embedder.EclipseLogger - Copying 0 resource
2023-06-13 16:45:59,760 [Worker-121: Building] WARN  o.e.m.c.i.embedder.EclipseLogger - Using platform encoding (Cp1256 actually) to copy filtered resources, i.e. build is platform dependent!
2023-06-13 16:45:59,761 [Worker-121: Building] INFO  o.e.m.c.i.embedder.EclipseLogger - Copying 0 resource
2023-06-13 16:53:15,659 [Worker-124: Building] WARN  o.e.m.c.i.embedder.EclipseLogger - Using platform encoding (Cp1256 actually) to copy filtered resources, i.e. build is platform dependent!
2023-06-13 16:53:15,661 [Worker-124: Building] INFO  o.e.m.c.i.embedder.EclipseLogger - Copying 0 resource
2023-06-13 16:53:15,663 [Worker-124: Building] WARN  o.e.m.c.i.embedder.EclipseLogger - Using platform encoding (Cp1256 actually) to copy filtered resources, i.e. build is platform dependent!
2023-06-13 16:53:15,705 [Worker-124: Building] INFO  o.e.m.c.i.embedder.EclipseLogger - Copying 0 resource
2023-06-13 16:53:59,741 [Worker-121: Building] WARN  o.e.m.c.i.embedder.EclipseLogger - Using platform encoding (Cp1256 actually) to copy filtered resources, i.e. build is platform dependent!
2023-06-13 16:53:59,742 [Worker-121: Building] INFO  o.e.m.c.i.embedder.EclipseLogger - Copying 0 resource
2023-06-13 16:53:59,747 [Worker-121: Building] WARN  o.e.m.c.i.embedder.EclipseLogger - Using platform encoding (Cp1256 actually) to copy filtered resources, i.e. build is platform dependent!
2023-06-13 16:53:59,748 [Worker-121: Building] INFO  o.e.m.c.i.embedder.EclipseLogger - Copying 0 resource
2023-06-13 16:54:20,138 [Worker-123: Building] WARN  o.e.m.c.i.embedder.EclipseLogger - Using platform encoding (Cp1256 actually) to copy filtered resources, i.e. build is platform dependent!
2023-06-13 16:54:20,139 [Worker-123: Building] INFO  o.e.m.c.i.embedder.EclipseLogger - Copying 0 resource
2023-06-13 16:54:20,143 [Worker-123: Building] WARN  o.e.m.c.i.embedder.EclipseLogger - Using platform encoding (Cp1256 actually) to copy filtered resources, i.e. build is platform dependent!
2023-06-13 16:54:20,144 [Worker-123: Building] INFO  o.e.m.c.i.embedder.EclipseLogger - Copying 0 resource
2023-06-13 18:10:30,669 [Worker-128: Building] WARN  o.e.m.c.i.embedder.EclipseLogger - Using platform encoding (Cp1256 actually) to copy filtered resources, i.e. build is platform dependent!
2023-06-13 18:10:31,401 [Worker-128: Building] INFO  o.e.m.c.i.embedder.EclipseLogger - Copying 0 resource
2023-06-13 18:10:31,431 [Worker-128: Building] WARN  o.e.m.c.i.embedder.EclipseLogger - Using platform encoding (Cp1256 actually) to copy filtered resources, i.e. build is platform dependent!
2023-06-13 18:10:31,717 [Worker-128: Building] INFO  o.e.m.c.i.embedder.EclipseLogger - Copying 0 resource
2023-06-14 16:33:55,518 [Worker-11: Building] WARN  o.e.m.c.i.embedder.EclipseLogger - Using platform encoding (Cp1256 actually) to copy filtered resources, i.e. build is platform dependent!
2023-06-14 16:33:55,727 [Worker-11: Building] INFO  o.e.m.c.i.embedder.EclipseLogger - Copying 0 resource
2023-06-14 16:33:55,734 [Worker-11: Building] WARN  o.e.m.c.i.embedder.EclipseLogger - Using platform encoding (Cp1256 actually) to copy filtered resources, i.e. build is platform dependent!
2023-06-14 16:33:55,735 [Worker-11: Building] INFO  o.e.m.c.i.embedder.EclipseLogger - Copying 0 resource
2023-06-14 16:34:16,401 [Worker-1: Loading available Gradle versions] INFO  o.e.b.c.i.u.g.PublishedGradleVersions - Gradle version information cache is out-of-date. Trying to update.
2023-06-14 16:34:16,798 [Worker-1: Loading available Gradle versions] INFO  o.e.b.c.i.u.g.PublishedGradleVersions - Updating Gradle version information cache failed. Using outdated cache.
2023-06-15 09:06:38,676 [Worker-1: Loading available Gradle versions] INFO  o.e.b.c.i.u.g.PublishedGradleVersions - Gradle version information cache is out-of-date. Trying to update.
2023-06-15 09:06:40,558 [Worker-1: Loading available Gradle versions] INFO  o.e.b.c.i.u.g.PublishedGradleVersions - Updating Gradle version information cache failed. Using outdated cache.
2023-06-15 12:08:10,734 [Worker-30: Creating project "jdbc-first"] INFO  o.e.m.c.i.l.LifecycleMappingFactory - Using org.eclipse.m2e.jdt.JarLifecycleMapping lifecycle mapping for MavenProject: com.srkr:jdbc-first:0.0.1-SNAPSHOT @ E:\SRKR_\jdbc-first\pom.xml.
2023-06-15 12:08:14,719 [Worker-30: Creating project "jdbc-first"] INFO  o.e.m.j.i.AbstractJavaProjectConfigurator - Adding source folder /jdbc-first/src/main/java
2023-06-15 12:08:14,735 [Worker-30: Creating project "jdbc-first"] INFO  o.e.m.j.i.AbstractJavaProjectConfigurator - Adding resource folder /jdbc-first/src/main/resources
2023-06-15 12:08:14,736 [Worker-30: Creating project "jdbc-first"] INFO  o.e.m.j.i.AbstractJavaProjectConfigurator - Adding source folder /jdbc-first/src/test/java
2023-06-15 12:08:14,736 [Worker-30: Creating project "jdbc-first"] INFO  o.e.m.j.i.AbstractJavaProjectConfigurator - Adding resource folder /jdbc-first/src/test/resources
2023-06-15 12:08:17,180 [Worker-32: Building] WARN  o.e.m.c.i.embedder.EclipseLogger - Using platform encoding (Cp1256 actually) to copy filtered resources, i.e. build is platform dependent!
2023-06-15 12:08:17,319 [Worker-32: Building] INFO  o.e.m.c.i.embedder.EclipseLogger - Copying 0 resource
2023-06-15 12:08:17,336 [Worker-32: Building] WARN  o.e.m.c.i.embedder.EclipseLogger - Using platform encoding (Cp1256 actually) to copy filtered resources, i.e. build is platform dependent!
2023-06-15 12:08:17,378 [Worker-32: Building] INFO  o.e.m.c.i.embedder.EclipseLogger - Copying 0 resource
2023-06-15 12:13:35,586 [Worker-35: Building] INFO  o.e.m.c.i.l.LifecycleMappingFactory - Using org.eclipse.m2e.jdt.JarLifecycleMapping lifecycle mapping for MavenProject: com.srkr:jdbc-first:0.0.1-SNAPSHOT @ E:\SRKR_\jdbc-first\pom.xml.
2023-06-15 12:13:35,781 [Worker-35: Building] WARN  o.e.m.c.i.embedder.EclipseLogger - Using platform encoding (Cp1256 actually) to copy filtered resources, i.e. build is platform dependent!
2023-06-15 12:13:35,821 [Worker-35: Building] INFO  o.e.m.c.i.embedder.EclipseLogger - Copying 0 resource
2023-06-15 12:13:35,826 [Worker-35: Building] WARN  o.e.m.c.i.embedder.EclipseLogger - Using platform encoding (Cp1256 actually) to copy filtered resources, i.e. build is platform dependent!
2023-06-15 12:13:35,827 [Worker-35: Building] INFO  o.e.m.c.i.embedder.EclipseLogger - Copying 0 resource
2023-06-15 12:17:38,257 [Worker-34: Building] INFO  o.e.m.c.i.l.LifecycleMappingFactory - Using org.eclipse.m2e.jdt.JarLifecycleMapping lifecycle mapping for MavenProject: com.srkr:jdbc-first:0.0.1-SNAPSHOT @ E:\SRKR_\jdbc-first\pom.xml.
2023-06-15 12:17:38,677 [Worker-34: Building] WARN  o.e.m.c.i.embedder.EclipseLogger - Using platform encoding (Cp1256 actually) to copy filtered resources, i.e. build is platform dependent!
2023-06-15 12:17:38,680 [Worker-34: Building] INFO  o.e.m.c.i.embedder.EclipseLogger - Copying 0 resource
2023-06-15 12:17:38,684 [Worker-34: Building] WARN  o.e.m.c.i.embedder.EclipseLogger - Using platform encoding (Cp1256 actually) to copy filtered resources, i.e. build is platform dependent!
2023-06-15 12:17:38,685 [Worker-34: Building] INFO  o.e.m.c.i.embedder.EclipseLogger - Copying 0 resource
2023-06-15 12:26:06,517 [Worker-34: Building] INFO  o.e.m.c.i.l.LifecycleMappingFactory - Using org.eclipse.m2e.jdt.JarLifecycleMapping lifecycle mapping for MavenProject: com.srkr:jdbc-first:0.0.1-SNAPSHOT @ E:\SRKR_\jdbc-first\pom.xml.
2023-06-15 12:26:06,882 [Worker-34: Building] WARN  o.e.m.c.i.embedder.EclipseLogger - Using platform encoding (Cp1256 actually) to copy filtered resources, i.e. build is platform dependent!
2023-06-15 12:26:06,970 [Worker-34: Building] INFO  o.e.m.c.i.embedder.EclipseLogger - Copying 0 resource
2023-06-15 12:26:06,985 [Worker-34: Building] WARN  o.e.m.c.i.embedder.EclipseLogger - Using platform encoding (Cp1256 actually) to copy filtered resources, i.e. build is platform dependent!
2023-06-15 12:26:07,041 [Worker-34: Building] INFO  o.e.m.c.i.embedder.EclipseLogger - Copying 0 resource
2023-06-15 12:26:21,955 [Worker-30: Building] INFO  o.e.m.c.i.l.LifecycleMappingFactory - Using org.eclipse.m2e.jdt.JarLifecycleMapping lifecycle mapping for MavenProject: com.srkr:jdbc-first:0.0.1-SNAPSHOT @ E:\SRKR_\jdbc-first\pom.xml.
2023-06-15 12:26:22,264 [Worker-30: Building] WARN  o.e.m.c.i.embedder.EclipseLogger - Using platform encoding (Cp1256 actually) to copy filtered resources, i.e. build is platform dependent!
2023-06-15 12:26:22,266 [Worker-30: Building] INFO  o.e.m.c.i.embedder.EclipseLogger - Copying 0 resource
2023-06-15 12:26:22,270 [Worker-30: Building] WARN  o.e.m.c.i.embedder.EclipseLogger - Using platform encoding (Cp1256 actually) to copy filtered resources, i.e. build is platform dependent!
2023-06-15 12:26:22,272 [Worker-30: Building] INFO  o.e.m.c.i.embedder.EclipseLogger - Copying 0 resource
2023-06-15 12:27:02,865 [Worker-40: Building] INFO  o.e.m.c.i.l.LifecycleMappingFactory - Using org.eclipse.m2e.jdt.JarLifecycleMapping lifecycle mapping for MavenProject: com.srkr:jdbc-first:0.0.1-SNAPSHOT @ E:\SRKR_\jdbc-first\pom.xml.
2023-06-15 12:27:03,068 [Worker-40: Building] WARN  o.e.m.c.i.embedder.EclipseLogger - Using platform encoding (Cp1256 actually) to copy filtered resources, i.e. build is platform dependent!
2023-06-15 12:27:03,070 [Worker-40: Building] INFO  o.e.m.c.i.embedder.EclipseLogger - Copying 0 resource
2023-06-15 12:27:03,074 [Worker-40: Building] WARN  o.e.m.c.i.embedder.EclipseLogger - Using platform encoding (Cp1256 actually) to copy filtered resources, i.e. build is platform dependent!
2023-06-15 12:27:03,075 [Worker-40: Building] INFO  o.e.m.c.i.embedder.EclipseLogger - Copying 0 resource
2023-06-15 12:27:16,388 [Worker-39: Updating Maven Project] INFO  o.e.m.c.i.p.ProjectConfigurationManager - Update started
2023-06-15 12:27:16,723 [Worker-39: Updating Maven Project] INFO  o.e.m.c.i.l.LifecycleMappingFactory - Using org.eclipse.m2e.jdt.JarLifecycleMapping lifecycle mapping for MavenProject: com.srkr:jdbc-first:0.0.1-SNAPSHOT @ E:\SRKR_\jdbc-first\pom.xml.
2023-06-15 12:27:16,881 [Worker-39: Updating Maven Project] INFO  o.e.m.j.i.AbstractJavaProjectConfigurator - Adding source folder /jdbc-first/src/main/java
2023-06-15 12:27:16,882 [Worker-39: Updating Maven Project] INFO  o.e.m.j.i.AbstractJavaProjectConfigurator - Adding resource folder /jdbc-first/src/main/resources
2023-06-15 12:27:16,883 [Worker-39: Updating Maven Project] INFO  o.e.m.j.i.AbstractJavaProjectConfigurator - Adding source folder /jdbc-first/src/test/java
2023-06-15 12:27:16,883 [Worker-39: Updating Maven Project] INFO  o.e.m.j.i.AbstractJavaProjectConfigurator - Adding resource folder /jdbc-first/src/test/resources
2023-06-15 12:27:16,883 [Worker-39: Updating Maven Project] ERROR o.e.m.j.i.AbstractJavaProjectConfigurator - Failed to find a compatible VM for environment id 'JavaSE-19', falling back to workspace default
2023-06-15 12:27:17,351 [Worker-39: Updating Maven Project] INFO  o.e.m.c.i.p.ProjectConfigurationManager - Update completed for 1 poms: local refresh takes 0.00 sec, refresh facades takes 0.00 sec, update config takes 0.00 sec 
2023-06-15 12:27:17,483 [Worker-40: Building] WARN  o.e.m.c.i.embedder.EclipseLogger - Using platform encoding (Cp1256 actually) to copy filtered resources, i.e. build is platform dependent!
2023-06-15 12:27:17,484 [Worker-40: Building] INFO  o.e.m.c.i.embedder.EclipseLogger - Copying 0 resource
2023-06-15 12:27:17,489 [Worker-40: Building] WARN  o.e.m.c.i.embedder.EclipseLogger - Using platform encoding (Cp1256 actually) to copy filtered resources, i.e. build is platform dependent!
2023-06-15 12:27:17,491 [Worker-40: Building] INFO  o.e.m.c.i.embedder.EclipseLogger - Copying 0 resource
2023-06-15 12:28:18,965 [Worker-39: Building] WARN  o.e.m.c.i.embedder.EclipseLogger - Using platform encoding (Cp1256 actually) to copy filtered resources, i.e. build is platform dependent!
2023-06-15 12:28:18,970 [Worker-39: Building] INFO  o.e.m.c.i.embedder.EclipseLogger - Copying 0 resource
2023-06-15 12:28:18,975 [Worker-39: Building] WARN  o.e.m.c.i.embedder.EclipseLogger - Using platform encoding (Cp1256 actually) to copy filtered resources, i.e. build is platform dependent!
2023-06-15 12:28:18,976 [Worker-39: Building] INFO  o.e.m.c.i.embedder.EclipseLogger - Copying 0 resource
2023-06-15 12:31:42,884 [Worker-39: Building] WARN  o.e.m.c.i.embedder.EclipseLogger - Using platform encoding (Cp1256 actually) to copy filtered resources, i.e. build is platform dependent!
2023-06-15 12:31:42,886 [Worker-39: Building] INFO  o.e.m.c.i.embedder.EclipseLogger - Copying 0 resource
2023-06-15 12:31:42,889 [Worker-39: Building] WARN  o.e.m.c.i.embedder.EclipseLogger - Using platform encoding (Cp1256 actually) to copy filtered resources, i.e. build is platform dependent!
2023-06-15 12:31:42,890 [Worker-39: Building] INFO  o.e.m.c.i.embedder.EclipseLogger - Copying 0 resource
2023-06-15 12:31:47,974 [Worker-39: Building] WARN  o.e.m.c.i.embedder.EclipseLogger - Using platform encoding (Cp1256 actually) to copy filtered resources, i.e. build is platform dependent!
2023-06-15 12:31:47,976 [Worker-39: Building] INFO  o.e.m.c.i.embedder.EclipseLogger - Copying 0 resource
2023-06-15 12:31:47,979 [Worker-39: Building] WARN  o.e.m.c.i.embedder.EclipseLogger - Using platform encoding (Cp1256 actually) to copy filtered resources, i.e. build is platform dependent!
2023-06-15 12:31:47,980 [Worker-39: Building] INFO  o.e.m.c.i.embedder.EclipseLogger - Copying 0 resource
2023-06-15 12:33:49,109 [Worker-42: Building] WARN  o.e.m.c.i.embedder.EclipseLogger - Using platform encoding (Cp1256 actually) to copy filtered resources, i.e. build is platform dependent!
2023-06-15 12:33:49,110 [Worker-42: Building] INFO  o.e.m.c.i.embedder.EclipseLogger - Copying 0 resource
2023-06-15 12:33:49,114 [Worker-42: Building] WARN  o.e.m.c.i.embedder.EclipseLogger - Using platform encoding (Cp1256 actually) to copy filtered resources, i.e. build is platform dependent!
2023-06-15 12:33:49,116 [Worker-42: Building] INFO  o.e.m.c.i.embedder.EclipseLogger - Copying 0 resource
2023-06-15 12:37:32,554 [Worker-30: Building] WARN  o.e.m.c.i.embedder.EclipseLogger - Using platform encoding (Cp1256 actually) to copy filtered resources, i.e. build is platform dependent!
2023-06-15 12:37:32,557 [Worker-30: Building] INFO  o.e.m.c.i.embedder.EclipseLogger - Copying 0 resource
2023-06-15 12:37:32,562 [Worker-30: Building] WARN  o.e.m.c.i.embedder.EclipseLogger - Using platform encoding (Cp1256 actually) to copy filtered resources, i.e. build is platform dependent!
2023-06-15 12:37:32,563 [Worker-30: Building] INFO  o.e.m.c.i.embedder.EclipseLogger - Copying 0 resource
2023-06-15 12:38:03,257 [Worker-42: Building] WARN  o.e.m.c.i.embedder.EclipseLogger - Using platform encoding (Cp1256 actually) to copy filtered resources, i.e. build is platform dependent!
2023-06-15 12:38:03,258 [Worker-42: Building] INFO  o.e.m.c.i.embedder.EclipseLogger - Copying 0 resource
2023-06-15 12:38:03,262 [Worker-42: Building] WARN  o.e.m.c.i.embedder.EclipseLogger - Using platform encoding (Cp1256 actually) to copy filtered resources, i.e. build is platform dependent!
2023-06-15 12:38:03,263 [Worker-42: Building] INFO  o.e.m.c.i.embedder.EclipseLogger - Copying 0 resource
